[0.387s] DEBUG:colcon:Command line arguments: ['/usr/bin/colcon', 'build']
[0.387s] DEBUG:colcon:Parsed command line arguments: Namespace(log_base=None, log_level=None, verb_name='build', build_base='build', install_base='install', merge_install=False, symlink_install=False, test_result_base=None, continue_on_error=False, executor='parallel', parallel_workers=4, event_handlers=None, ignore_user_meta=False, metas=['./colcon.meta'], base_paths=['.'], packages_ignore=None, packages_ignore_regex=None, paths=None, packages_up_to=None, packages_up_to_regex=None, packages_above=None, packages_above_and_dependencies=None, packages_above_depth=None, packages_select_by_dep=None, packages_skip_by_dep=None, packages_skip_up_to=None, packages_select_build_failed=False, packages_skip_build_finished=False, packages_select_test_failures=False, packages_skip_test_passed=False, packages_select=None, packages_skip=None, packages_select_regex=None, packages_skip_regex=None, packages_start=None, packages_end=None, allow_overriding=[], cmake_args=None, cmake_target=None, cmake_target_skip_unavailable=False, cmake_clean_cache=False, cmake_clean_first=False, cmake_force_configure=False, ament_cmake_args=None, catkin_cmake_args=None, catkin_skip_building_tests=False, mixin_files=None, mixin=None, verb_parser=<colcon_mixin.mixin.mixin_argument.MixinArgumentDecorator object at 0x77b005091d00>, verb_extension=<colcon_core.verb.build.BuildVerb object at 0x77b005091640>, main=<bound method BuildVerb.main of <colcon_core.verb.build.BuildVerb object at 0x77b005091640>>, mixin_verb=('build',))
[0.448s] Level 1:colcon.colcon_core.package_discovery:discover_packages(colcon_meta) check parameters
[0.448s] Level 1:colcon.colcon_core.package_discovery:discover_packages(recursive) check parameters
[0.448s] Level 1:colcon.colcon_core.package_discovery:discover_packages(ignore) check parameters
[0.448s] Level 1:colcon.colcon_core.package_discovery:discover_packages(path) check parameters
[0.448s] Level 1:colcon.colcon_core.package_discovery:discover_packages(colcon_meta) discover
[0.448s] Level 1:colcon.colcon_core.package_discovery:discover_packages(recursive) discover
[0.448s] INFO:colcon.colcon_core.package_discovery:Crawling recursively for packages in '/home/someityhuihui/ros2_welding_ws'
[0.448s] Level 1:colcon.colcon_core.package_identification:_identify(.) by extensions ['ignore', 'ignore_ament_install']
[0.448s] Level 1:colcon.colcon_core.package_identification:_identify(.) by extension 'ignore'
[0.448s] Level 1:colcon.colcon_core.package_identification:_identify(.) by extension 'ignore_ament_install'
[0.448s] Level 1:colcon.colcon_core.package_identification:_identify(.) by extensions ['colcon_pkg']
[0.448s] Level 1:colcon.colcon_core.package_identification:_identify(.) by extension 'colcon_pkg'
[0.448s] Level 1:colcon.colcon_core.package_identification:_identify(.) by extensions ['colcon_meta']
[0.448s] Level 1:colcon.colcon_core.package_identification:_identify(.) by extension 'colcon_meta'
[0.448s] Level 1:colcon.colcon_core.package_identification:_identify(.) by extensions ['ros']
[0.448s] Level 1:colcon.colcon_core.package_identification:_identify(.) by extension 'ros'
[0.481s] Level 1:colcon.colcon_core.package_identification:_identify(.) by extensions ['cmake', 'python']
[0.481s] Level 1:colcon.colcon_core.package_identification:_identify(.) by extension 'cmake'
[0.481s] Level 1:colcon.colcon_core.package_identification:_identify(.) by extension 'python'
[0.481s] Level 1:colcon.colcon_core.package_identification:_identify(.) by extensions ['python_setup_py']
[0.481s] Level 1:colcon.colcon_core.package_identification:_identify(.) by extension 'python_setup_py'
[0.481s] Level 1:colcon.colcon_core.package_identification:_identify(build) by extensions ['ignore', 'ignore_ament_install']
[0.481s] Level 1:colcon.colcon_core.package_identification:_identify(build) by extension 'ignore'
[0.481s] Level 1:colcon.colcon_core.package_identification:_identify(build) ignored
[0.482s] Level 1:colcon.colcon_core.package_identification:_identify(install) by extensions ['ignore', 'ignore_ament_install']
[0.482s] Level 1:colcon.colcon_core.package_identification:_identify(install) by extension 'ignore'
[0.482s] Level 1:colcon.colcon_core.package_identification:_identify(install) ignored
[0.482s] Level 1:colcon.colcon_core.package_identification:_identify(log) by extensions ['ignore', 'ignore_ament_install']
[0.482s] Level 1:colcon.colcon_core.package_identification:_identify(log) by extension 'ignore'
[0.482s] Level 1:colcon.colcon_core.package_identification:_identify(log) ignored
[0.482s] Level 1:colcon.colcon_core.package_identification:_identify(src) by extensions ['ignore', 'ignore_ament_install']
[0.482s] Level 1:colcon.colcon_core.package_identification:_identify(src) by extension 'ignore'
[0.482s] Level 1:colcon.colcon_core.package_identification:_identify(src) by extension 'ignore_ament_install'
[0.482s] Level 1:colcon.colcon_core.package_identification:_identify(src) by extensions ['colcon_pkg']
[0.482s] Level 1:colcon.colcon_core.package_identification:_identify(src) by extension 'colcon_pkg'
[0.483s] Level 1:colcon.colcon_core.package_identification:_identify(src) by extensions ['colcon_meta']
[0.483s] Level 1:colcon.colcon_core.package_identification:_identify(src) by extension 'colcon_meta'
[0.483s] Level 1:colcon.colcon_core.package_identification:_identify(src) by extensions ['ros']
[0.483s] Level 1:colcon.colcon_core.package_identification:_identify(src) by extension 'ros'
[0.483s] Level 1:colcon.colcon_core.package_identification:_identify(src) by extensions ['cmake', 'python']
[0.483s] Level 1:colcon.colcon_core.package_identification:_identify(src) by extension 'cmake'
[0.483s] Level 1:colcon.colcon_core.package_identification:_identify(src) by extension 'python'
[0.483s] Level 1:colcon.colcon_core.package_identification:_identify(src) by extensions ['python_setup_py']
[0.483s] Level 1:colcon.colcon_core.package_identification:_identify(src) by extension 'python_setup_py'
[0.483s] Level 1:colcon.colcon_core.package_identification:_identify(src/trajectory_planning) by extensions ['ignore', 'ignore_ament_install']
[0.483s] Level 1:colcon.colcon_core.package_identification:_identify(src/trajectory_planning) by extension 'ignore'
[0.483s] Level 1:colcon.colcon_core.package_identification:_identify(src/trajectory_planning) by extension 'ignore_ament_install'
[0.483s] Level 1:colcon.colcon_core.package_identification:_identify(src/trajectory_planning) by extensions ['colcon_pkg']
[0.483s] Level 1:colcon.colcon_core.package_identification:_identify(src/trajectory_planning) by extension 'colcon_pkg'
[0.483s] Level 1:colcon.colcon_core.package_identification:_identify(src/trajectory_planning) by extensions ['colcon_meta']
[0.483s] Level 1:colcon.colcon_core.package_identification:_identify(src/trajectory_planning) by extension 'colcon_meta'
[0.483s] Level 1:colcon.colcon_core.package_identification:_identify(src/trajectory_planning) by extensions ['ros']
[0.483s] Level 1:colcon.colcon_core.package_identification:_identify(src/trajectory_planning) by extension 'ros'
[0.487s] DEBUG:colcon.colcon_core.package_identification:Package 'src/trajectory_planning' with type 'ros.ament_cmake' and name 'trajectory_planning'
[0.488s] Level 1:colcon.colcon_core.package_discovery:discover_packages(recursive) using defaults
[0.488s] Level 1:colcon.colcon_core.package_discovery:discover_packages(ignore) discover
[0.488s] Level 1:colcon.colcon_core.package_discovery:discover_packages(ignore) using defaults
[0.488s] Level 1:colcon.colcon_core.package_discovery:discover_packages(path) discover
[0.488s] Level 1:colcon.colcon_core.package_discovery:discover_packages(path) using defaults
[0.511s] Level 1:colcon.colcon_core.package_discovery:discover_packages(prefix_path) check parameters
[0.511s] Level 1:colcon.colcon_core.package_discovery:discover_packages(prefix_path) discover
[0.515s] DEBUG:colcon.colcon_installed_package_information.package_discovery:Found 1 installed packages in /home/someityhuihui/ros2_welding_ws/install
[0.517s] DEBUG:colcon.colcon_installed_package_information.package_discovery:Found 365 installed packages in /opt/ros/jazzy
[0.518s] Level 1:colcon.colcon_core.package_discovery:discover_packages(prefix_path) using defaults
[0.599s] Level 5:colcon.colcon_core.verb:set package 'trajectory_planning' build argument 'cmake_args' from command line to 'None'
[0.599s] Level 5:colcon.colcon_core.verb:set package 'trajectory_planning' build argument 'cmake_target' from command line to 'None'
[0.599s] Level 5:colcon.colcon_core.verb:set package 'trajectory_planning' build argument 'cmake_target_skip_unavailable' from command line to 'False'
[0.599s] Level 5:colcon.colcon_core.verb:set package 'trajectory_planning' build argument 'cmake_clean_cache' from command line to 'False'
[0.599s] Level 5:colcon.colcon_core.verb:set package 'trajectory_planning' build argument 'cmake_clean_first' from command line to 'False'
[0.599s] Level 5:colcon.colcon_core.verb:set package 'trajectory_planning' build argument 'cmake_force_configure' from command line to 'False'
[0.599s] Level 5:colcon.colcon_core.verb:set package 'trajectory_planning' build argument 'ament_cmake_args' from command line to 'None'
[0.599s] Level 5:colcon.colcon_core.verb:set package 'trajectory_planning' build argument 'catkin_cmake_args' from command line to 'None'
[0.599s] Level 5:colcon.colcon_core.verb:set package 'trajectory_planning' build argument 'catkin_skip_building_tests' from command line to 'False'
[0.599s] DEBUG:colcon.colcon_core.verb:Building package 'trajectory_planning' with the following arguments: {'ament_cmake_args': None, 'build_base': '/home/someityhuihui/ros2_welding_ws/build/trajectory_planning', 'catkin_cmake_args': None, 'catkin_skip_building_tests': False, 'cmake_args': None, 'cmake_clean_cache': False, 'cmake_clean_first': False, 'cmake_force_configure': False, 'cmake_target': None, 'cmake_target_skip_unavailable': False, 'install_base': '/home/someityhuihui/ros2_welding_ws/install/trajectory_planning', 'merge_install': False, 'path': '/home/someityhuihui/ros2_welding_ws/src/trajectory_planning', 'symlink_install': False, 'test_result_base': None}
[0.599s] INFO:colcon.colcon_core.executor:Executing jobs using 'parallel' executor
[0.600s] DEBUG:colcon.colcon_parallel_executor.executor.parallel:run_until_complete
[0.600s] INFO:colcon.colcon_ros.task.ament_cmake.build:Building ROS package in '/home/someityhuihui/ros2_welding_ws/src/trajectory_planning' with build type 'ament_cmake'
[0.601s] INFO:colcon.colcon_cmake.task.cmake.build:Building CMake package in '/home/someityhuihui/ros2_welding_ws/src/trajectory_planning'
[0.606s] INFO:colcon.colcon_core.plugin_system:Skipping extension 'colcon_core.shell.bat': Not used on non-Windows systems
[0.606s] INFO:colcon.colcon_core.shell:Skip shell extension 'powershell' for command environment: Not usable outside of PowerShell
[0.606s] DEBUG:colcon.colcon_core.shell:Skip shell extension 'dsv' for command environment
[0.616s] DEBUG:colcon.colcon_core.event_handler.log_command:Invoking command in '/home/someityhuihui/ros2_welding_ws/build/trajectory_planning': CMAKE_PREFIX_PATH=${CMAKE_PREFIX_PATH}:/opt/ros/jazzy /usr/bin/cmake /home/someityhuihui/ros2_welding_ws/src/trajectory_planning -DCMAKE_INSTALL_PREFIX=/home/someityhuihui/ros2_welding_ws/install/trajectory_planning
[78.268s] DEBUG:colcon.colcon_core.event_handler.log_command:Invoked command in '/home/someityhuihui/ros2_welding_ws/build/trajectory_planning' returned '0': CMAKE_PREFIX_PATH=${CMAKE_PREFIX_PATH}:/opt/ros/jazzy /usr/bin/cmake /home/someityhuihui/ros2_welding_ws/src/trajectory_planning -DCMAKE_INSTALL_PREFIX=/home/someityhuihui/ros2_welding_ws/install/trajectory_planning
[78.270s] DEBUG:colcon.colcon_core.event_handler.log_command:Invoking command in '/home/someityhuihui/ros2_welding_ws/build/trajectory_planning': CMAKE_PREFIX_PATH=${CMAKE_PREFIX_PATH}:/opt/ros/jazzy /usr/bin/cmake --build /home/someityhuihui/ros2_welding_ws/build/trajectory_planning -- -j4 -l4
[93.146s] DEBUG:colcon.colcon_core.event_handler.log_command:Invoked command in '/home/someityhuihui/ros2_welding_ws/build/trajectory_planning' returned '2': CMAKE_PREFIX_PATH=${CMAKE_PREFIX_PATH}:/opt/ros/jazzy /usr/bin/cmake --build /home/someityhuihui/ros2_welding_ws/build/trajectory_planning -- -j4 -l4
[93.147s] Level 1:colcon.colcon_core.environment:create_environment_scripts_only(trajectory_planning)
[93.153s] Level 1:colcon.colcon_core.environment:checking '/home/someityhuihui/ros2_welding_ws/install/trajectory_planning' for CMake module files
[93.154s] Level 1:colcon.colcon_core.environment:checking '/home/someityhuihui/ros2_welding_ws/install/trajectory_planning' for CMake config files
[93.155s] Level 1:colcon.colcon_core.shell:create_environment_hook('trajectory_planning', 'cmake_prefix_path')
[93.156s] INFO:colcon.colcon_core.shell:Creating environment hook '/home/someityhuihui/ros2_welding_ws/install/trajectory_planning/share/trajectory_planning/hook/cmake_prefix_path.ps1'
[93.157s] INFO:colcon.colcon_core.shell:Creating environment descriptor '/home/someityhuihui/ros2_welding_ws/install/trajectory_planning/share/trajectory_planning/hook/cmake_prefix_path.dsv'
[93.157s] INFO:colcon.colcon_core.shell:Creating environment hook '/home/someityhuihui/ros2_welding_ws/install/trajectory_planning/share/trajectory_planning/hook/cmake_prefix_path.sh'
[93.158s] Level 1:colcon.colcon_core.environment:checking '/home/someityhuihui/ros2_welding_ws/install/trajectory_planning/lib'
[93.158s] Level 1:colcon.colcon_core.environment:checking '/home/someityhuihui/ros2_welding_ws/install/trajectory_planning/bin'
[93.158s] Level 1:colcon.colcon_core.environment:checking '/home/someityhuihui/ros2_welding_ws/install/trajectory_planning/lib/pkgconfig/trajectory_planning.pc'
[93.158s] Level 1:colcon.colcon_core.environment:checking '/home/someityhuihui/ros2_welding_ws/install/trajectory_planning/lib/python3.12/site-packages'
[93.159s] Level 1:colcon.colcon_core.environment:checking '/home/someityhuihui/ros2_welding_ws/install/trajectory_planning/bin'
[93.159s] INFO:colcon.colcon_core.shell:Creating package script '/home/someityhuihui/ros2_welding_ws/install/trajectory_planning/share/trajectory_planning/package.ps1'
[93.160s] INFO:colcon.colcon_core.shell:Creating package descriptor '/home/someityhuihui/ros2_welding_ws/install/trajectory_planning/share/trajectory_planning/package.dsv'
[93.161s] INFO:colcon.colcon_core.shell:Creating package script '/home/someityhuihui/ros2_welding_ws/install/trajectory_planning/share/trajectory_planning/package.sh'
[93.161s] INFO:colcon.colcon_core.shell:Creating package script '/home/someityhuihui/ros2_welding_ws/install/trajectory_planning/share/trajectory_planning/package.bash'
[93.162s] INFO:colcon.colcon_core.shell:Creating package script '/home/someityhuihui/ros2_welding_ws/install/trajectory_planning/share/trajectory_planning/package.zsh'
[93.163s] Level 1:colcon.colcon_core.environment:create_file_with_runtime_dependencies(/home/someityhuihui/ros2_welding_ws/install/trajectory_planning/share/colcon-core/packages/trajectory_planning)
[93.174s] DEBUG:colcon.colcon_parallel_executor.executor.parallel:closing loop
[93.175s] DEBUG:colcon.colcon_parallel_executor.executor.parallel:loop closed
[93.175s] DEBUG:colcon.colcon_parallel_executor.executor.parallel:run_until_complete finished with '2'
[93.175s] DEBUG:colcon.colcon_core.event_reactor:joining thread
[93.249s] INFO:colcon.colcon_core.plugin_system:Skipping extension 'colcon_notification.desktop_notification.notify_send': Could not find 'notify-send'
[93.249s] INFO:colcon.colcon_core.plugin_system:Skipping extension 'colcon_notification.desktop_notification.terminal_notifier': Not used on non-Darwin systems
[93.249s] INFO:colcon.colcon_core.plugin_system:Skipping extension 'colcon_notification.desktop_notification.win32': Not used on non-Windows systems
[93.249s] INFO:colcon.colcon_notification.desktop_notification:Sending desktop notification using 'notify2'
[93.278s] DEBUG:colcon.colcon_notification.desktop_notification.notify2:Failed to initialize notify2: org.freedesktop.DBus.Error.ServiceUnknown: The name org.freedesktop.Notifications was not provided by any .service files
[93.278s] DEBUG:colcon.colcon_core.event_reactor:joined thread
[93.278s] INFO:colcon.colcon_core.shell:Creating prefix script '/home/someityhuihui/ros2_welding_ws/install/local_setup.ps1'
[93.279s] INFO:colcon.colcon_core.shell:Creating prefix util module '/home/someityhuihui/ros2_welding_ws/install/_local_setup_util_ps1.py'
[93.280s] INFO:colcon.colcon_core.shell:Creating prefix chain script '/home/someityhuihui/ros2_welding_ws/install/setup.ps1'
[93.281s] INFO:colcon.colcon_core.shell:Creating prefix script '/home/someityhuihui/ros2_welding_ws/install/local_setup.sh'
[93.281s] INFO:colcon.colcon_core.shell:Creating prefix util module '/home/someityhuihui/ros2_welding_ws/install/_local_setup_util_sh.py'
[93.282s] INFO:colcon.colcon_core.shell:Creating prefix chain script '/home/someityhuihui/ros2_welding_ws/install/setup.sh'
[93.283s] INFO:colcon.colcon_core.shell:Creating prefix script '/home/someityhuihui/ros2_welding_ws/install/local_setup.bash'
[93.283s] INFO:colcon.colcon_core.shell:Creating prefix chain script '/home/someityhuihui/ros2_welding_ws/install/setup.bash'
[93.284s] INFO:colcon.colcon_core.shell:Creating prefix script '/home/someityhuihui/ros2_welding_ws/install/local_setup.zsh'
[93.284s] INFO:colcon.colcon_core.shell:Creating prefix chain script '/home/someityhuihui/ros2_welding_ws/install/setup.zsh'
