[0.556s] DEBUG:colcon:Command line arguments: ['/usr/bin/colcon', 'build']
[0.556s] DEBUG:colcon:Parsed command line arguments: Namespace(log_base=None, log_level=None, verb_name='build', build_base='build', install_base='install', merge_install=False, symlink_install=False, test_result_base=None, continue_on_error=False, executor='parallel', parallel_workers=4, event_handlers=None, ignore_user_meta=False, metas=['./colcon.meta'], base_paths=['.'], packages_ignore=None, packages_ignore_regex=None, paths=None, packages_up_to=None, packages_up_to_regex=None, packages_above=None, packages_above_and_dependencies=None, packages_above_depth=None, packages_select_by_dep=None, packages_skip_by_dep=None, packages_skip_up_to=None, packages_select_build_failed=False, packages_skip_build_finished=False, packages_select_test_failures=False, packages_skip_test_passed=False, packages_select=None, packages_skip=None, packages_select_regex=None, packages_skip_regex=None, packages_start=None, packages_end=None, allow_overriding=[], cmake_args=None, cmake_target=None, cmake_target_skip_unavailable=False, cmake_clean_cache=False, cmake_clean_first=False, cmake_force_configure=False, ament_cmake_args=None, catkin_cmake_args=None, catkin_skip_building_tests=False, mixin_files=None, mixin=None, verb_parser=<colcon_mixin.mixin.mixin_argument.MixinArgumentDecorator object at 0x7a0a82565e80>, verb_extension=<colcon_core.verb.build.BuildVerb object at 0x7a0a82565820>, main=<bound method BuildVerb.main of <colcon_core.verb.build.BuildVerb object at 0x7a0a82565820>>, mixin_verb=('build',))
[0.609s] Level 1:colcon.colcon_core.package_discovery:discover_packages(colcon_meta) check parameters
[0.609s] Level 1:colcon.colcon_core.package_discovery:discover_packages(recursive) check parameters
[0.609s] Level 1:colcon.colcon_core.package_discovery:discover_packages(ignore) check parameters
[0.609s] Level 1:colcon.colcon_core.package_discovery:discover_packages(path) check parameters
[0.609s] Level 1:colcon.colcon_core.package_discovery:discover_packages(colcon_meta) discover
[0.609s] Level 1:colcon.colcon_core.package_discovery:discover_packages(recursive) discover
[0.609s] INFO:colcon.colcon_core.package_discovery:Crawling recursively for packages in '/home/someityhuihui/ros2_welding_ws'
[0.610s] Level 1:colcon.colcon_core.package_identification:_identify(.) by extensions ['ignore', 'ignore_ament_install']
[0.610s] Level 1:colcon.colcon_core.package_identification:_identify(.) by extension 'ignore'
[0.610s] Level 1:colcon.colcon_core.package_identification:_identify(.) by extension 'ignore_ament_install'
[0.610s] Level 1:colcon.colcon_core.package_identification:_identify(.) by extensions ['colcon_pkg']
[0.610s] Level 1:colcon.colcon_core.package_identification:_identify(.) by extension 'colcon_pkg'
[0.610s] Level 1:colcon.colcon_core.package_identification:_identify(.) by extensions ['colcon_meta']
[0.610s] Level 1:colcon.colcon_core.package_identification:_identify(.) by extension 'colcon_meta'
[0.610s] Level 1:colcon.colcon_core.package_identification:_identify(.) by extensions ['ros']
[0.610s] Level 1:colcon.colcon_core.package_identification:_identify(.) by extension 'ros'
[0.643s] Level 1:colcon.colcon_core.package_identification:_identify(.) by extensions ['cmake', 'python']
[0.643s] Level 1:colcon.colcon_core.package_identification:_identify(.) by extension 'cmake'
[0.644s] Level 1:colcon.colcon_core.package_identification:_identify(.) by extension 'python'
[0.644s] Level 1:colcon.colcon_core.package_identification:_identify(.) by extensions ['python_setup_py']
[0.644s] Level 1:colcon.colcon_core.package_identification:_identify(.) by extension 'python_setup_py'
[0.644s] Level 1:colcon.colcon_core.package_identification:_identify(build) by extensions ['ignore', 'ignore_ament_install']
[0.644s] Level 1:colcon.colcon_core.package_identification:_identify(build) by extension 'ignore'
[0.644s] Level 1:colcon.colcon_core.package_identification:_identify(build) ignored
[0.644s] Level 1:colcon.colcon_core.package_identification:_identify(install) by extensions ['ignore', 'ignore_ament_install']
[0.645s] Level 1:colcon.colcon_core.package_identification:_identify(install) by extension 'ignore'
[0.645s] Level 1:colcon.colcon_core.package_identification:_identify(install) ignored
[0.645s] Level 1:colcon.colcon_core.package_identification:_identify(log) by extensions ['ignore', 'ignore_ament_install']
[0.645s] Level 1:colcon.colcon_core.package_identification:_identify(log) by extension 'ignore'
[0.645s] Level 1:colcon.colcon_core.package_identification:_identify(log) ignored
[0.645s] Level 1:colcon.colcon_core.package_identification:_identify(src) by extensions ['ignore', 'ignore_ament_install']
[0.645s] Level 1:colcon.colcon_core.package_identification:_identify(src) by extension 'ignore'
[0.645s] Level 1:colcon.colcon_core.package_identification:_identify(src) by extension 'ignore_ament_install'
[0.645s] Level 1:colcon.colcon_core.package_identification:_identify(src) by extensions ['colcon_pkg']
[0.645s] Level 1:colcon.colcon_core.package_identification:_identify(src) by extension 'colcon_pkg'
[0.645s] Level 1:colcon.colcon_core.package_identification:_identify(src) by extensions ['colcon_meta']
[0.645s] Level 1:colcon.colcon_core.package_identification:_identify(src) by extension 'colcon_meta'
[0.645s] Level 1:colcon.colcon_core.package_identification:_identify(src) by extensions ['ros']
[0.645s] Level 1:colcon.colcon_core.package_identification:_identify(src) by extension 'ros'
[0.645s] Level 1:colcon.colcon_core.package_identification:_identify(src) by extensions ['cmake', 'python']
[0.646s] Level 1:colcon.colcon_core.package_identification:_identify(src) by extension 'cmake'
[0.646s] Level 1:colcon.colcon_core.package_identification:_identify(src) by extension 'python'
[0.646s] Level 1:colcon.colcon_core.package_identification:_identify(src) by extensions ['python_setup_py']
[0.646s] Level 1:colcon.colcon_core.package_identification:_identify(src) by extension 'python_setup_py'
[0.646s] Level 1:colcon.colcon_core.package_identification:_identify(src/trajectory_planning) by extensions ['ignore', 'ignore_ament_install']
[0.646s] Level 1:colcon.colcon_core.package_identification:_identify(src/trajectory_planning) by extension 'ignore'
[0.646s] Level 1:colcon.colcon_core.package_identification:_identify(src/trajectory_planning) by extension 'ignore_ament_install'
[0.646s] Level 1:colcon.colcon_core.package_identification:_identify(src/trajectory_planning) by extensions ['colcon_pkg']
[0.646s] Level 1:colcon.colcon_core.package_identification:_identify(src/trajectory_planning) by extension 'colcon_pkg'
[0.646s] Level 1:colcon.colcon_core.package_identification:_identify(src/trajectory_planning) by extensions ['colcon_meta']
[0.646s] Level 1:colcon.colcon_core.package_identification:_identify(src/trajectory_planning) by extension 'colcon_meta'
[0.646s] Level 1:colcon.colcon_core.package_identification:_identify(src/trajectory_planning) by extensions ['ros']
[0.646s] Level 1:colcon.colcon_core.package_identification:_identify(src/trajectory_planning) by extension 'ros'
[0.651s] DEBUG:colcon.colcon_core.package_identification:Package 'src/trajectory_planning' with type 'ros.ament_cmake' and name 'trajectory_planning'
[0.651s] Level 1:colcon.colcon_core.package_discovery:discover_packages(recursive) using defaults
[0.652s] Level 1:colcon.colcon_core.package_discovery:discover_packages(ignore) discover
[0.652s] Level 1:colcon.colcon_core.package_discovery:discover_packages(ignore) using defaults
[0.652s] Level 1:colcon.colcon_core.package_discovery:discover_packages(path) discover
[0.652s] Level 1:colcon.colcon_core.package_discovery:discover_packages(path) using defaults
[0.676s] Level 1:colcon.colcon_core.package_discovery:discover_packages(prefix_path) check parameters
[0.677s] Level 1:colcon.colcon_core.package_discovery:discover_packages(prefix_path) discover
[0.683s] DEBUG:colcon.colcon_installed_package_information.package_discovery:Found 1 installed packages in /home/someityhuihui/ros2_welding_ws/install
[0.685s] DEBUG:colcon.colcon_installed_package_information.package_discovery:Found 71 installed packages in /home/someityhuihui/ws_moveit/install
[0.687s] DEBUG:colcon.colcon_installed_package_information.package_discovery:Found 365 installed packages in /opt/ros/jazzy
[0.689s] Level 1:colcon.colcon_core.package_discovery:discover_packages(prefix_path) using defaults
[0.745s] Level 5:colcon.colcon_core.verb:set package 'trajectory_planning' build argument 'cmake_args' from command line to 'None'
[0.745s] Level 5:colcon.colcon_core.verb:set package 'trajectory_planning' build argument 'cmake_target' from command line to 'None'
[0.745s] Level 5:colcon.colcon_core.verb:set package 'trajectory_planning' build argument 'cmake_target_skip_unavailable' from command line to 'False'
[0.745s] Level 5:colcon.colcon_core.verb:set package 'trajectory_planning' build argument 'cmake_clean_cache' from command line to 'False'
[0.745s] Level 5:colcon.colcon_core.verb:set package 'trajectory_planning' build argument 'cmake_clean_first' from command line to 'False'
[0.745s] Level 5:colcon.colcon_core.verb:set package 'trajectory_planning' build argument 'cmake_force_configure' from command line to 'False'
[0.745s] Level 5:colcon.colcon_core.verb:set package 'trajectory_planning' build argument 'ament_cmake_args' from command line to 'None'
[0.745s] Level 5:colcon.colcon_core.verb:set package 'trajectory_planning' build argument 'catkin_cmake_args' from command line to 'None'
[0.745s] Level 5:colcon.colcon_core.verb:set package 'trajectory_planning' build argument 'catkin_skip_building_tests' from command line to 'False'
[0.746s] DEBUG:colcon.colcon_core.verb:Building package 'trajectory_planning' with the following arguments: {'ament_cmake_args': None, 'build_base': '/home/someityhuihui/ros2_welding_ws/build/trajectory_planning', 'catkin_cmake_args': None, 'catkin_skip_building_tests': False, 'cmake_args': None, 'cmake_clean_cache': False, 'cmake_clean_first': False, 'cmake_force_configure': False, 'cmake_target': None, 'cmake_target_skip_unavailable': False, 'install_base': '/home/someityhuihui/ros2_welding_ws/install/trajectory_planning', 'merge_install': False, 'path': '/home/someityhuihui/ros2_welding_ws/src/trajectory_planning', 'symlink_install': False, 'test_result_base': None}
[0.746s] INFO:colcon.colcon_core.executor:Executing jobs using 'parallel' executor
[0.753s] DEBUG:colcon.colcon_parallel_executor.executor.parallel:run_until_complete
[0.754s] INFO:colcon.colcon_ros.task.ament_cmake.build:Building ROS package in '/home/someityhuihui/ros2_welding_ws/src/trajectory_planning' with build type 'ament_cmake'
[0.754s] INFO:colcon.colcon_cmake.task.cmake.build:Building CMake package in '/home/someityhuihui/ros2_welding_ws/src/trajectory_planning'
[0.756s] INFO:colcon.colcon_core.plugin_system:Skipping extension 'colcon_core.shell.bat': Not used on non-Windows systems
[0.756s] INFO:colcon.colcon_core.shell:Skip shell extension 'powershell' for command environment: Not usable outside of PowerShell
[0.756s] DEBUG:colcon.colcon_core.shell:Skip shell extension 'dsv' for command environment
[0.790s] DEBUG:colcon.colcon_core.event_handler.log_command:Invoking command in '/home/someityhuihui/ros2_welding_ws/build/trajectory_planning': CMAKE_PREFIX_PATH=${CMAKE_PREFIX_PATH}:/home/someityhuihui/ws_moveit/install/moveit_configs_utils:/opt/ros/jazzy /usr/bin/cmake --build /home/someityhuihui/ros2_welding_ws/build/trajectory_planning -- -j4 -l4
[73.304s] DEBUG:colcon.colcon_core.event_handler.log_command:Invoked command in '/home/someityhuihui/ros2_welding_ws/build/trajectory_planning' returned '0': CMAKE_PREFIX_PATH=${CMAKE_PREFIX_PATH}:/home/someityhuihui/ws_moveit/install/moveit_configs_utils:/opt/ros/jazzy /usr/bin/cmake --build /home/someityhuihui/ros2_welding_ws/build/trajectory_planning -- -j4 -l4
[73.323s] DEBUG:colcon.colcon_core.event_handler.log_command:Invoking command in '/home/someityhuihui/ros2_welding_ws/build/trajectory_planning': CMAKE_PREFIX_PATH=${CMAKE_PREFIX_PATH}:/home/someityhuihui/ws_moveit/install/moveit_configs_utils:/opt/ros/jazzy /usr/bin/cmake --install /home/someityhuihui/ros2_welding_ws/build/trajectory_planning
[73.413s] Level 1:colcon.colcon_core.environment:create_environment_scripts_only(trajectory_planning)
[73.414s] DEBUG:colcon.colcon_core.event_handler.log_command:Invoked command in '/home/someityhuihui/ros2_welding_ws/build/trajectory_planning' returned '0': CMAKE_PREFIX_PATH=${CMAKE_PREFIX_PATH}:/home/someityhuihui/ws_moveit/install/moveit_configs_utils:/opt/ros/jazzy /usr/bin/cmake --install /home/someityhuihui/ros2_welding_ws/build/trajectory_planning
[73.417s] Level 1:colcon.colcon_core.environment:checking '/home/someityhuihui/ros2_welding_ws/install/trajectory_planning' for CMake module files
[73.421s] Level 1:colcon.colcon_core.environment:checking '/home/someityhuihui/ros2_welding_ws/install/trajectory_planning' for CMake config files
[73.422s] Level 1:colcon.colcon_core.shell:create_environment_hook('trajectory_planning', 'cmake_prefix_path')
[73.422s] INFO:colcon.colcon_core.shell:Creating environment hook '/home/someityhuihui/ros2_welding_ws/install/trajectory_planning/share/trajectory_planning/hook/cmake_prefix_path.ps1'
[73.423s] INFO:colcon.colcon_core.shell:Creating environment descriptor '/home/someityhuihui/ros2_welding_ws/install/trajectory_planning/share/trajectory_planning/hook/cmake_prefix_path.dsv'
[73.423s] INFO:colcon.colcon_core.shell:Creating environment hook '/home/someityhuihui/ros2_welding_ws/install/trajectory_planning/share/trajectory_planning/hook/cmake_prefix_path.sh'
[73.424s] Level 1:colcon.colcon_core.environment:checking '/home/someityhuihui/ros2_welding_ws/install/trajectory_planning/lib'
[73.424s] Level 1:colcon.colcon_core.environment:checking '/home/someityhuihui/ros2_welding_ws/install/trajectory_planning/bin'
[73.424s] Level 1:colcon.colcon_core.environment:checking '/home/someityhuihui/ros2_welding_ws/install/trajectory_planning/lib/pkgconfig/trajectory_planning.pc'
[73.429s] Level 1:colcon.colcon_core.environment:checking '/home/someityhuihui/ros2_welding_ws/install/trajectory_planning/lib/python3.12/site-packages'
[73.429s] Level 1:colcon.colcon_core.environment:checking '/home/someityhuihui/ros2_welding_ws/install/trajectory_planning/bin'
[73.430s] INFO:colcon.colcon_core.shell:Creating package script '/home/someityhuihui/ros2_welding_ws/install/trajectory_planning/share/trajectory_planning/package.ps1'
[73.431s] INFO:colcon.colcon_core.shell:Creating package descriptor '/home/someityhuihui/ros2_welding_ws/install/trajectory_planning/share/trajectory_planning/package.dsv'
[73.431s] INFO:colcon.colcon_core.shell:Creating package script '/home/someityhuihui/ros2_welding_ws/install/trajectory_planning/share/trajectory_planning/package.sh'
[73.432s] INFO:colcon.colcon_core.shell:Creating package script '/home/someityhuihui/ros2_welding_ws/install/trajectory_planning/share/trajectory_planning/package.bash'
[73.432s] INFO:colcon.colcon_core.shell:Creating package script '/home/someityhuihui/ros2_welding_ws/install/trajectory_planning/share/trajectory_planning/package.zsh'
[73.433s] Level 1:colcon.colcon_core.environment:create_file_with_runtime_dependencies(/home/someityhuihui/ros2_welding_ws/install/trajectory_planning/share/colcon-core/packages/trajectory_planning)
[73.434s] Level 1:colcon.colcon_core.environment:create_environment_scripts_only(trajectory_planning)
[73.434s] Level 1:colcon.colcon_core.environment:checking '/home/someityhuihui/ros2_welding_ws/install/trajectory_planning' for CMake module files
[73.435s] Level 1:colcon.colcon_core.environment:checking '/home/someityhuihui/ros2_welding_ws/install/trajectory_planning' for CMake config files
[73.435s] Level 1:colcon.colcon_core.shell:create_environment_hook('trajectory_planning', 'cmake_prefix_path')
[73.435s] INFO:colcon.colcon_core.shell:Creating environment hook '/home/someityhuihui/ros2_welding_ws/install/trajectory_planning/share/trajectory_planning/hook/cmake_prefix_path.ps1'
[73.435s] INFO:colcon.colcon_core.shell:Creating environment descriptor '/home/someityhuihui/ros2_welding_ws/install/trajectory_planning/share/trajectory_planning/hook/cmake_prefix_path.dsv'
[73.436s] INFO:colcon.colcon_core.shell:Creating environment hook '/home/someityhuihui/ros2_welding_ws/install/trajectory_planning/share/trajectory_planning/hook/cmake_prefix_path.sh'
[73.436s] Level 1:colcon.colcon_core.environment:checking '/home/someityhuihui/ros2_welding_ws/install/trajectory_planning/lib'
[73.437s] Level 1:colcon.colcon_core.environment:checking '/home/someityhuihui/ros2_welding_ws/install/trajectory_planning/bin'
[73.437s] Level 1:colcon.colcon_core.environment:checking '/home/someityhuihui/ros2_welding_ws/install/trajectory_planning/lib/pkgconfig/trajectory_planning.pc'
[73.437s] Level 1:colcon.colcon_core.environment:checking '/home/someityhuihui/ros2_welding_ws/install/trajectory_planning/lib/python3.12/site-packages'
[73.437s] Level 1:colcon.colcon_core.environment:checking '/home/someityhuihui/ros2_welding_ws/install/trajectory_planning/bin'
[73.437s] INFO:colcon.colcon_core.shell:Creating package script '/home/someityhuihui/ros2_welding_ws/install/trajectory_planning/share/trajectory_planning/package.ps1'
[73.438s] INFO:colcon.colcon_core.shell:Creating package descriptor '/home/someityhuihui/ros2_welding_ws/install/trajectory_planning/share/trajectory_planning/package.dsv'
[73.439s] INFO:colcon.colcon_core.shell:Creating package script '/home/someityhuihui/ros2_welding_ws/install/trajectory_planning/share/trajectory_planning/package.sh'
[73.439s] INFO:colcon.colcon_core.shell:Creating package script '/home/someityhuihui/ros2_welding_ws/install/trajectory_planning/share/trajectory_planning/package.bash'
[73.439s] INFO:colcon.colcon_core.shell:Creating package script '/home/someityhuihui/ros2_welding_ws/install/trajectory_planning/share/trajectory_planning/package.zsh'
[73.440s] Level 1:colcon.colcon_core.environment:create_file_with_runtime_dependencies(/home/someityhuihui/ros2_welding_ws/install/trajectory_planning/share/colcon-core/packages/trajectory_planning)
[73.440s] DEBUG:colcon.colcon_parallel_executor.executor.parallel:closing loop
[73.441s] DEBUG:colcon.colcon_parallel_executor.executor.parallel:loop closed
[73.441s] DEBUG:colcon.colcon_parallel_executor.executor.parallel:run_until_complete finished with '0'
[73.441s] DEBUG:colcon.colcon_core.event_reactor:joining thread
[73.650s] INFO:colcon.colcon_core.plugin_system:Skipping extension 'colcon_notification.desktop_notification.notify_send': Could not find 'notify-send'
[73.651s] INFO:colcon.colcon_core.plugin_system:Skipping extension 'colcon_notification.desktop_notification.terminal_notifier': Not used on non-Darwin systems
[73.651s] INFO:colcon.colcon_core.plugin_system:Skipping extension 'colcon_notification.desktop_notification.win32': Not used on non-Windows systems
[73.651s] INFO:colcon.colcon_notification.desktop_notification:Sending desktop notification using 'notify2'
[73.657s] DEBUG:colcon.colcon_notification.desktop_notification.notify2:Failed to initialize notify2: org.freedesktop.DBus.Error.ServiceUnknown: The name org.freedesktop.Notifications was not provided by any .service files
[73.657s] DEBUG:colcon.colcon_core.event_reactor:joined thread
[73.658s] INFO:colcon.colcon_core.shell:Creating prefix script '/home/someityhuihui/ros2_welding_ws/install/local_setup.ps1'
[73.659s] INFO:colcon.colcon_core.shell:Creating prefix util module '/home/someityhuihui/ros2_welding_ws/install/_local_setup_util_ps1.py'
[73.660s] INFO:colcon.colcon_core.shell:Creating prefix chain script '/home/someityhuihui/ros2_welding_ws/install/setup.ps1'
[73.668s] INFO:colcon.colcon_core.shell:Creating prefix script '/home/someityhuihui/ros2_welding_ws/install/local_setup.sh'
[73.668s] INFO:colcon.colcon_core.shell:Creating prefix util module '/home/someityhuihui/ros2_welding_ws/install/_local_setup_util_sh.py'
[73.673s] INFO:colcon.colcon_core.shell:Creating prefix chain script '/home/someityhuihui/ros2_welding_ws/install/setup.sh'
[73.676s] INFO:colcon.colcon_core.shell:Creating prefix script '/home/someityhuihui/ros2_welding_ws/install/local_setup.bash'
[73.681s] INFO:colcon.colcon_core.shell:Creating prefix chain script '/home/someityhuihui/ros2_welding_ws/install/setup.bash'
[73.684s] INFO:colcon.colcon_core.shell:Creating prefix script '/home/someityhuihui/ros2_welding_ws/install/local_setup.zsh'
[73.689s] INFO:colcon.colcon_core.shell:Creating prefix chain script '/home/someityhuihui/ros2_welding_ws/install/setup.zsh'
