[0.724s] DEBUG:colcon:Command line arguments: ['/usr/bin/colcon', 'build']
[0.724s] DEBUG:colcon:Parsed command line arguments: Namespace(log_base=None, log_level=None, verb_name='build', build_base='build', install_base='install', merge_install=False, symlink_install=False, test_result_base=None, continue_on_error=False, executor='parallel', parallel_workers=4, event_handlers=None, ignore_user_meta=False, metas=['./colcon.meta'], base_paths=['.'], packages_ignore=None, packages_ignore_regex=None, paths=None, packages_up_to=None, packages_up_to_regex=None, packages_above=None, packages_above_and_dependencies=None, packages_above_depth=None, packages_select_by_dep=None, packages_skip_by_dep=None, packages_skip_up_to=None, packages_select_build_failed=False, packages_skip_build_finished=False, packages_select_test_failures=False, packages_skip_test_passed=False, packages_select=None, packages_skip=None, packages_select_regex=None, packages_skip_regex=None, packages_start=None, packages_end=None, allow_overriding=[], cmake_args=None, cmake_target=None, cmake_target_skip_unavailable=False, cmake_clean_cache=False, cmake_clean_first=False, cmake_force_configure=False, ament_cmake_args=None, catkin_cmake_args=None, catkin_skip_building_tests=False, mixin_files=None, mixin=None, verb_parser=<colcon_mixin.mixin.mixin_argument.MixinArgumentDecorator object at 0x79ac2f285b80>, verb_extension=<colcon_core.verb.build.BuildVerb object at 0x79ac2f2856a0>, main=<bound method BuildVerb.main of <colcon_core.verb.build.BuildVerb object at 0x79ac2f2856a0>>, mixin_verb=('build',))
[0.782s] Level 1:colcon.colcon_core.package_discovery:discover_packages(colcon_meta) check parameters
[0.782s] Level 1:colcon.colcon_core.package_discovery:discover_packages(recursive) check parameters
[0.783s] Level 1:colcon.colcon_core.package_discovery:discover_packages(ignore) check parameters
[0.783s] Level 1:colcon.colcon_core.package_discovery:discover_packages(path) check parameters
[0.783s] Level 1:colcon.colcon_core.package_discovery:discover_packages(colcon_meta) discover
[0.783s] Level 1:colcon.colcon_core.package_discovery:discover_packages(recursive) discover
[0.783s] INFO:colcon.colcon_core.package_discovery:Crawling recursively for packages in '/home/someityhuihui/ros2_welding_ws'
[0.783s] Level 1:colcon.colcon_core.package_identification:_identify(.) by extensions ['ignore', 'ignore_ament_install']
[0.783s] Level 1:colcon.colcon_core.package_identification:_identify(.) by extension 'ignore'
[0.783s] Level 1:colcon.colcon_core.package_identification:_identify(.) by extension 'ignore_ament_install'
[0.783s] Level 1:colcon.colcon_core.package_identification:_identify(.) by extensions ['colcon_pkg']
[0.783s] Level 1:colcon.colcon_core.package_identification:_identify(.) by extension 'colcon_pkg'
[0.783s] Level 1:colcon.colcon_core.package_identification:_identify(.) by extensions ['colcon_meta']
[0.783s] Level 1:colcon.colcon_core.package_identification:_identify(.) by extension 'colcon_meta'
[0.783s] Level 1:colcon.colcon_core.package_identification:_identify(.) by extensions ['ros']
[0.783s] Level 1:colcon.colcon_core.package_identification:_identify(.) by extension 'ros'
[0.837s] Level 1:colcon.colcon_core.package_identification:_identify(.) by extensions ['cmake', 'python']
[0.837s] Level 1:colcon.colcon_core.package_identification:_identify(.) by extension 'cmake'
[0.837s] Level 1:colcon.colcon_core.package_identification:_identify(.) by extension 'python'
[0.837s] Level 1:colcon.colcon_core.package_identification:_identify(.) by extensions ['python_setup_py']
[0.837s] Level 1:colcon.colcon_core.package_identification:_identify(.) by extension 'python_setup_py'
[0.838s] Level 1:colcon.colcon_core.package_identification:_identify(build) by extensions ['ignore', 'ignore_ament_install']
[0.838s] Level 1:colcon.colcon_core.package_identification:_identify(build) by extension 'ignore'
[0.838s] Level 1:colcon.colcon_core.package_identification:_identify(build) ignored
[0.838s] Level 1:colcon.colcon_core.package_identification:_identify(install) by extensions ['ignore', 'ignore_ament_install']
[0.838s] Level 1:colcon.colcon_core.package_identification:_identify(install) by extension 'ignore'
[0.838s] Level 1:colcon.colcon_core.package_identification:_identify(install) ignored
[0.838s] Level 1:colcon.colcon_core.package_identification:_identify(log) by extensions ['ignore', 'ignore_ament_install']
[0.838s] Level 1:colcon.colcon_core.package_identification:_identify(log) by extension 'ignore'
[0.838s] Level 1:colcon.colcon_core.package_identification:_identify(log) ignored
[0.838s] Level 1:colcon.colcon_core.package_identification:_identify(src) by extensions ['ignore', 'ignore_ament_install']
[0.838s] Level 1:colcon.colcon_core.package_identification:_identify(src) by extension 'ignore'
[0.838s] Level 1:colcon.colcon_core.package_identification:_identify(src) by extension 'ignore_ament_install'
[0.839s] Level 1:colcon.colcon_core.package_identification:_identify(src) by extensions ['colcon_pkg']
[0.839s] Level 1:colcon.colcon_core.package_identification:_identify(src) by extension 'colcon_pkg'
[0.839s] Level 1:colcon.colcon_core.package_identification:_identify(src) by extensions ['colcon_meta']
[0.839s] Level 1:colcon.colcon_core.package_identification:_identify(src) by extension 'colcon_meta'
[0.839s] Level 1:colcon.colcon_core.package_identification:_identify(src) by extensions ['ros']
[0.839s] Level 1:colcon.colcon_core.package_identification:_identify(src) by extension 'ros'
[0.839s] Level 1:colcon.colcon_core.package_identification:_identify(src) by extensions ['cmake', 'python']
[0.839s] Level 1:colcon.colcon_core.package_identification:_identify(src) by extension 'cmake'
[0.839s] Level 1:colcon.colcon_core.package_identification:_identify(src) by extension 'python'
[0.839s] Level 1:colcon.colcon_core.package_identification:_identify(src) by extensions ['python_setup_py']
[0.839s] Level 1:colcon.colcon_core.package_identification:_identify(src) by extension 'python_setup_py'
[0.839s] Level 1:colcon.colcon_core.package_identification:_identify(src/trajectory_planning) by extensions ['ignore', 'ignore_ament_install']
[0.839s] Level 1:colcon.colcon_core.package_identification:_identify(src/trajectory_planning) by extension 'ignore'
[0.839s] Level 1:colcon.colcon_core.package_identification:_identify(src/trajectory_planning) by extension 'ignore_ament_install'
[0.839s] Level 1:colcon.colcon_core.package_identification:_identify(src/trajectory_planning) by extensions ['colcon_pkg']
[0.839s] Level 1:colcon.colcon_core.package_identification:_identify(src/trajectory_planning) by extension 'colcon_pkg'
[0.839s] Level 1:colcon.colcon_core.package_identification:_identify(src/trajectory_planning) by extensions ['colcon_meta']
[0.839s] Level 1:colcon.colcon_core.package_identification:_identify(src/trajectory_planning) by extension 'colcon_meta'
[0.839s] Level 1:colcon.colcon_core.package_identification:_identify(src/trajectory_planning) by extensions ['ros']
[0.839s] Level 1:colcon.colcon_core.package_identification:_identify(src/trajectory_planning) by extension 'ros'
[0.844s] DEBUG:colcon.colcon_core.package_identification:Package 'src/trajectory_planning' with type 'ros.ament_cmake' and name 'trajectory_planning'
[0.844s] Level 1:colcon.colcon_core.package_discovery:discover_packages(recursive) using defaults
[0.844s] Level 1:colcon.colcon_core.package_discovery:discover_packages(ignore) discover
[0.844s] Level 1:colcon.colcon_core.package_discovery:discover_packages(ignore) using defaults
[0.844s] Level 1:colcon.colcon_core.package_discovery:discover_packages(path) discover
[0.844s] Level 1:colcon.colcon_core.package_discovery:discover_packages(path) using defaults
[0.882s] Level 1:colcon.colcon_core.package_discovery:discover_packages(prefix_path) check parameters
[0.882s] Level 1:colcon.colcon_core.package_discovery:discover_packages(prefix_path) discover
[0.886s] DEBUG:colcon.colcon_installed_package_information.package_discovery:Found 1 installed packages in /home/someityhuihui/ros2_welding_ws/install
[0.888s] DEBUG:colcon.colcon_installed_package_information.package_discovery:Found 365 installed packages in /opt/ros/jazzy
[0.890s] Level 1:colcon.colcon_core.package_discovery:discover_packages(prefix_path) using defaults
[0.942s] Level 5:colcon.colcon_core.verb:set package 'trajectory_planning' build argument 'cmake_args' from command line to 'None'
[0.942s] Level 5:colcon.colcon_core.verb:set package 'trajectory_planning' build argument 'cmake_target' from command line to 'None'
[0.942s] Level 5:colcon.colcon_core.verb:set package 'trajectory_planning' build argument 'cmake_target_skip_unavailable' from command line to 'False'
[0.942s] Level 5:colcon.colcon_core.verb:set package 'trajectory_planning' build argument 'cmake_clean_cache' from command line to 'False'
[0.942s] Level 5:colcon.colcon_core.verb:set package 'trajectory_planning' build argument 'cmake_clean_first' from command line to 'False'
[0.942s] Level 5:colcon.colcon_core.verb:set package 'trajectory_planning' build argument 'cmake_force_configure' from command line to 'False'
[0.942s] Level 5:colcon.colcon_core.verb:set package 'trajectory_planning' build argument 'ament_cmake_args' from command line to 'None'
[0.942s] Level 5:colcon.colcon_core.verb:set package 'trajectory_planning' build argument 'catkin_cmake_args' from command line to 'None'
[0.942s] Level 5:colcon.colcon_core.verb:set package 'trajectory_planning' build argument 'catkin_skip_building_tests' from command line to 'False'
[0.943s] DEBUG:colcon.colcon_core.verb:Building package 'trajectory_planning' with the following arguments: {'ament_cmake_args': None, 'build_base': '/home/someityhuihui/ros2_welding_ws/build/trajectory_planning', 'catkin_cmake_args': None, 'catkin_skip_building_tests': False, 'cmake_args': None, 'cmake_clean_cache': False, 'cmake_clean_first': False, 'cmake_force_configure': False, 'cmake_target': None, 'cmake_target_skip_unavailable': False, 'install_base': '/home/someityhuihui/ros2_welding_ws/install/trajectory_planning', 'merge_install': False, 'path': '/home/someityhuihui/ros2_welding_ws/src/trajectory_planning', 'symlink_install': False, 'test_result_base': None}
[0.943s] INFO:colcon.colcon_core.executor:Executing jobs using 'parallel' executor
[0.944s] DEBUG:colcon.colcon_parallel_executor.executor.parallel:run_until_complete
[0.944s] INFO:colcon.colcon_ros.task.ament_cmake.build:Building ROS package in '/home/someityhuihui/ros2_welding_ws/src/trajectory_planning' with build type 'ament_cmake'
[0.945s] INFO:colcon.colcon_cmake.task.cmake.build:Building CMake package in '/home/someityhuihui/ros2_welding_ws/src/trajectory_planning'
[0.952s] INFO:colcon.colcon_core.plugin_system:Skipping extension 'colcon_core.shell.bat': Not used on non-Windows systems
[0.952s] INFO:colcon.colcon_core.shell:Skip shell extension 'powershell' for command environment: Not usable outside of PowerShell
[0.952s] DEBUG:colcon.colcon_core.shell:Skip shell extension 'dsv' for command environment
[0.971s] DEBUG:colcon.colcon_core.event_handler.log_command:Invoking command in '/home/someityhuihui/ros2_welding_ws/build/trajectory_planning': CMAKE_PREFIX_PATH=${CMAKE_PREFIX_PATH}:/opt/ros/jazzy /usr/bin/cmake --build /home/someityhuihui/ros2_welding_ws/build/trajectory_planning -- -j4 -l4
[77.798s] DEBUG:colcon.colcon_core.event_handler.log_command:Invoked command in '/home/someityhuihui/ros2_welding_ws/build/trajectory_planning' returned '0': CMAKE_PREFIX_PATH=${CMAKE_PREFIX_PATH}:/opt/ros/jazzy /usr/bin/cmake --build /home/someityhuihui/ros2_welding_ws/build/trajectory_planning -- -j4 -l4
[77.811s] DEBUG:colcon.colcon_core.event_handler.log_command:Invoking command in '/home/someityhuihui/ros2_welding_ws/build/trajectory_planning': CMAKE_PREFIX_PATH=${CMAKE_PREFIX_PATH}:/opt/ros/jazzy /usr/bin/cmake --install /home/someityhuihui/ros2_welding_ws/build/trajectory_planning
[77.841s] Level 1:colcon.colcon_core.environment:create_environment_scripts_only(trajectory_planning)
[77.841s] DEBUG:colcon.colcon_core.event_handler.log_command:Invoked command in '/home/someityhuihui/ros2_welding_ws/build/trajectory_planning' returned '0': CMAKE_PREFIX_PATH=${CMAKE_PREFIX_PATH}:/opt/ros/jazzy /usr/bin/cmake --install /home/someityhuihui/ros2_welding_ws/build/trajectory_planning
[77.849s] Level 1:colcon.colcon_core.environment:checking '/home/someityhuihui/ros2_welding_ws/install/trajectory_planning' for CMake module files
[77.849s] Level 1:colcon.colcon_core.environment:checking '/home/someityhuihui/ros2_welding_ws/install/trajectory_planning' for CMake config files
[77.850s] Level 1:colcon.colcon_core.shell:create_environment_hook('trajectory_planning', 'cmake_prefix_path')
[77.850s] INFO:colcon.colcon_core.shell:Creating environment hook '/home/someityhuihui/ros2_welding_ws/install/trajectory_planning/share/trajectory_planning/hook/cmake_prefix_path.ps1'
[77.852s] INFO:colcon.colcon_core.shell:Creating environment descriptor '/home/someityhuihui/ros2_welding_ws/install/trajectory_planning/share/trajectory_planning/hook/cmake_prefix_path.dsv'
[77.853s] INFO:colcon.colcon_core.shell:Creating environment hook '/home/someityhuihui/ros2_welding_ws/install/trajectory_planning/share/trajectory_planning/hook/cmake_prefix_path.sh'
[77.854s] Level 1:colcon.colcon_core.environment:checking '/home/someityhuihui/ros2_welding_ws/install/trajectory_planning/lib'
[77.854s] Level 1:colcon.colcon_core.environment:checking '/home/someityhuihui/ros2_welding_ws/install/trajectory_planning/bin'
[77.854s] Level 1:colcon.colcon_core.environment:checking '/home/someityhuihui/ros2_welding_ws/install/trajectory_planning/lib/pkgconfig/trajectory_planning.pc'
[77.855s] Level 1:colcon.colcon_core.environment:checking '/home/someityhuihui/ros2_welding_ws/install/trajectory_planning/lib/python3.12/site-packages'
[77.855s] Level 1:colcon.colcon_core.environment:checking '/home/someityhuihui/ros2_welding_ws/install/trajectory_planning/bin'
[77.855s] INFO:colcon.colcon_core.shell:Creating package script '/home/someityhuihui/ros2_welding_ws/install/trajectory_planning/share/trajectory_planning/package.ps1'
[77.857s] INFO:colcon.colcon_core.shell:Creating package descriptor '/home/someityhuihui/ros2_welding_ws/install/trajectory_planning/share/trajectory_planning/package.dsv'
[77.859s] INFO:colcon.colcon_core.shell:Creating package script '/home/someityhuihui/ros2_welding_ws/install/trajectory_planning/share/trajectory_planning/package.sh'
[77.860s] INFO:colcon.colcon_core.shell:Creating package script '/home/someityhuihui/ros2_welding_ws/install/trajectory_planning/share/trajectory_planning/package.bash'
[77.861s] INFO:colcon.colcon_core.shell:Creating package script '/home/someityhuihui/ros2_welding_ws/install/trajectory_planning/share/trajectory_planning/package.zsh'
[77.862s] Level 1:colcon.colcon_core.environment:create_file_with_runtime_dependencies(/home/someityhuihui/ros2_welding_ws/install/trajectory_planning/share/colcon-core/packages/trajectory_planning)
[77.863s] Level 1:colcon.colcon_core.environment:create_environment_scripts_only(trajectory_planning)
[77.863s] Level 1:colcon.colcon_core.environment:checking '/home/someityhuihui/ros2_welding_ws/install/trajectory_planning' for CMake module files
[77.863s] Level 1:colcon.colcon_core.environment:checking '/home/someityhuihui/ros2_welding_ws/install/trajectory_planning' for CMake config files
[77.864s] Level 1:colcon.colcon_core.shell:create_environment_hook('trajectory_planning', 'cmake_prefix_path')
[77.864s] INFO:colcon.colcon_core.shell:Creating environment hook '/home/someityhuihui/ros2_welding_ws/install/trajectory_planning/share/trajectory_planning/hook/cmake_prefix_path.ps1'
[77.864s] INFO:colcon.colcon_core.shell:Creating environment descriptor '/home/someityhuihui/ros2_welding_ws/install/trajectory_planning/share/trajectory_planning/hook/cmake_prefix_path.dsv'
[77.865s] INFO:colcon.colcon_core.shell:Creating environment hook '/home/someityhuihui/ros2_welding_ws/install/trajectory_planning/share/trajectory_planning/hook/cmake_prefix_path.sh'
[77.865s] Level 1:colcon.colcon_core.environment:checking '/home/someityhuihui/ros2_welding_ws/install/trajectory_planning/lib'
[77.866s] Level 1:colcon.colcon_core.environment:checking '/home/someityhuihui/ros2_welding_ws/install/trajectory_planning/bin'
[77.866s] Level 1:colcon.colcon_core.environment:checking '/home/someityhuihui/ros2_welding_ws/install/trajectory_planning/lib/pkgconfig/trajectory_planning.pc'
[77.866s] Level 1:colcon.colcon_core.environment:checking '/home/someityhuihui/ros2_welding_ws/install/trajectory_planning/lib/python3.12/site-packages'
[77.866s] Level 1:colcon.colcon_core.environment:checking '/home/someityhuihui/ros2_welding_ws/install/trajectory_planning/bin'
[77.866s] INFO:colcon.colcon_core.shell:Creating package script '/home/someityhuihui/ros2_welding_ws/install/trajectory_planning/share/trajectory_planning/package.ps1'
[77.867s] INFO:colcon.colcon_core.shell:Creating package descriptor '/home/someityhuihui/ros2_welding_ws/install/trajectory_planning/share/trajectory_planning/package.dsv'
[77.867s] INFO:colcon.colcon_core.shell:Creating package script '/home/someityhuihui/ros2_welding_ws/install/trajectory_planning/share/trajectory_planning/package.sh'
[77.868s] INFO:colcon.colcon_core.shell:Creating package script '/home/someityhuihui/ros2_welding_ws/install/trajectory_planning/share/trajectory_planning/package.bash'
[77.868s] INFO:colcon.colcon_core.shell:Creating package script '/home/someityhuihui/ros2_welding_ws/install/trajectory_planning/share/trajectory_planning/package.zsh'
[77.868s] Level 1:colcon.colcon_core.environment:create_file_with_runtime_dependencies(/home/someityhuihui/ros2_welding_ws/install/trajectory_planning/share/colcon-core/packages/trajectory_planning)
[77.869s] DEBUG:colcon.colcon_parallel_executor.executor.parallel:closing loop
[77.869s] DEBUG:colcon.colcon_parallel_executor.executor.parallel:loop closed
[77.869s] DEBUG:colcon.colcon_parallel_executor.executor.parallel:run_until_complete finished with '0'
[77.869s] DEBUG:colcon.colcon_core.event_reactor:joining thread
[78.124s] INFO:colcon.colcon_core.plugin_system:Skipping extension 'colcon_notification.desktop_notification.notify_send': Could not find 'notify-send'
[78.124s] INFO:colcon.colcon_core.plugin_system:Skipping extension 'colcon_notification.desktop_notification.terminal_notifier': Not used on non-Darwin systems
[78.124s] INFO:colcon.colcon_core.plugin_system:Skipping extension 'colcon_notification.desktop_notification.win32': Not used on non-Windows systems
[78.124s] INFO:colcon.colcon_notification.desktop_notification:Sending desktop notification using 'notify2'
[78.127s] DEBUG:colcon.colcon_notification.desktop_notification.notify2:Failed to initialize notify2: org.freedesktop.DBus.Error.ServiceUnknown: The name org.freedesktop.Notifications was not provided by any .service files
[78.127s] DEBUG:colcon.colcon_core.event_reactor:joined thread
[78.127s] INFO:colcon.colcon_core.shell:Creating prefix script '/home/someityhuihui/ros2_welding_ws/install/local_setup.ps1'
[78.128s] INFO:colcon.colcon_core.shell:Creating prefix util module '/home/someityhuihui/ros2_welding_ws/install/_local_setup_util_ps1.py'
[78.130s] INFO:colcon.colcon_core.shell:Creating prefix chain script '/home/someityhuihui/ros2_welding_ws/install/setup.ps1'
[78.131s] INFO:colcon.colcon_core.shell:Creating prefix script '/home/someityhuihui/ros2_welding_ws/install/local_setup.sh'
[78.132s] INFO:colcon.colcon_core.shell:Creating prefix util module '/home/someityhuihui/ros2_welding_ws/install/_local_setup_util_sh.py'
[78.132s] INFO:colcon.colcon_core.shell:Creating prefix chain script '/home/someityhuihui/ros2_welding_ws/install/setup.sh'
[78.134s] INFO:colcon.colcon_core.shell:Creating prefix script '/home/someityhuihui/ros2_welding_ws/install/local_setup.bash'
[78.134s] INFO:colcon.colcon_core.shell:Creating prefix chain script '/home/someityhuihui/ros2_welding_ws/install/setup.bash'
[78.135s] INFO:colcon.colcon_core.shell:Creating prefix script '/home/someityhuihui/ros2_welding_ws/install/local_setup.zsh'
[78.136s] INFO:colcon.colcon_core.shell:Creating prefix chain script '/home/someityhuihui/ros2_welding_ws/install/setup.zsh'
