[0.392s] DEBUG:colcon:Command line arguments: ['/usr/bin/colcon', 'build']
[0.392s] DEBUG:colcon:Parsed command line arguments: Namespace(log_base=None, log_level=None, verb_name='build', build_base='build', install_base='install', merge_install=False, symlink_install=False, test_result_base=None, continue_on_error=False, executor='parallel', parallel_workers=4, event_handlers=None, ignore_user_meta=False, metas=['./colcon.meta'], base_paths=['.'], packages_ignore=None, packages_ignore_regex=None, paths=None, packages_up_to=None, packages_up_to_regex=None, packages_above=None, packages_above_and_dependencies=None, packages_above_depth=None, packages_select_by_dep=None, packages_skip_by_dep=None, packages_skip_up_to=None, packages_select_build_failed=False, packages_skip_build_finished=False, packages_select_test_failures=False, packages_skip_test_passed=False, packages_select=None, packages_skip=None, packages_select_regex=None, packages_skip_regex=None, packages_start=None, packages_end=None, allow_overriding=[], cmake_args=None, cmake_target=None, cmake_target_skip_unavailable=False, cmake_clean_cache=False, cmake_clean_first=False, cmake_force_configure=False, ament_cmake_args=None, catkin_cmake_args=None, catkin_skip_building_tests=False, mixin_files=None, mixin=None, verb_parser=<colcon_mixin.mixin.mixin_argument.MixinArgumentDecorator object at 0x770729189f40>, verb_extension=<colcon_core.verb.build.BuildVerb object at 0x770729189970>, main=<bound method BuildVerb.main of <colcon_core.verb.build.BuildVerb object at 0x770729189970>>, mixin_verb=('build',))
[0.429s] Level 1:colcon.colcon_core.package_discovery:discover_packages(colcon_meta) check parameters
[0.430s] Level 1:colcon.colcon_core.package_discovery:discover_packages(recursive) check parameters
[0.430s] Level 1:colcon.colcon_core.package_discovery:discover_packages(ignore) check parameters
[0.430s] Level 1:colcon.colcon_core.package_discovery:discover_packages(path) check parameters
[0.430s] Level 1:colcon.colcon_core.package_discovery:discover_packages(colcon_meta) discover
[0.430s] Level 1:colcon.colcon_core.package_discovery:discover_packages(recursive) discover
[0.430s] INFO:colcon.colcon_core.package_discovery:Crawling recursively for packages in '/home/someityhuihui/ros2_welding_ws'
[0.430s] Level 1:colcon.colcon_core.package_identification:_identify(.) by extensions ['ignore', 'ignore_ament_install']
[0.430s] Level 1:colcon.colcon_core.package_identification:_identify(.) by extension 'ignore'
[0.430s] Level 1:colcon.colcon_core.package_identification:_identify(.) by extension 'ignore_ament_install'
[0.430s] Level 1:colcon.colcon_core.package_identification:_identify(.) by extensions ['colcon_pkg']
[0.430s] Level 1:colcon.colcon_core.package_identification:_identify(.) by extension 'colcon_pkg'
[0.430s] Level 1:colcon.colcon_core.package_identification:_identify(.) by extensions ['colcon_meta']
[0.430s] Level 1:colcon.colcon_core.package_identification:_identify(.) by extension 'colcon_meta'
[0.430s] Level 1:colcon.colcon_core.package_identification:_identify(.) by extensions ['ros']
[0.430s] Level 1:colcon.colcon_core.package_identification:_identify(.) by extension 'ros'
[0.453s] Level 1:colcon.colcon_core.package_identification:_identify(.) by extensions ['cmake', 'python']
[0.453s] Level 1:colcon.colcon_core.package_identification:_identify(.) by extension 'cmake'
[0.453s] Level 1:colcon.colcon_core.package_identification:_identify(.) by extension 'python'
[0.453s] Level 1:colcon.colcon_core.package_identification:_identify(.) by extensions ['python_setup_py']
[0.453s] Level 1:colcon.colcon_core.package_identification:_identify(.) by extension 'python_setup_py'
[0.453s] Level 1:colcon.colcon_core.package_identification:_identify(build) by extensions ['ignore', 'ignore_ament_install']
[0.453s] Level 1:colcon.colcon_core.package_identification:_identify(build) by extension 'ignore'
[0.453s] Level 1:colcon.colcon_core.package_identification:_identify(build) ignored
[0.453s] Level 1:colcon.colcon_core.package_identification:_identify(install) by extensions ['ignore', 'ignore_ament_install']
[0.453s] Level 1:colcon.colcon_core.package_identification:_identify(install) by extension 'ignore'
[0.453s] Level 1:colcon.colcon_core.package_identification:_identify(install) ignored
[0.453s] Level 1:colcon.colcon_core.package_identification:_identify(log) by extensions ['ignore', 'ignore_ament_install']
[0.454s] Level 1:colcon.colcon_core.package_identification:_identify(log) by extension 'ignore'
[0.454s] Level 1:colcon.colcon_core.package_identification:_identify(log) ignored
[0.454s] Level 1:colcon.colcon_core.package_identification:_identify(src) by extensions ['ignore', 'ignore_ament_install']
[0.454s] Level 1:colcon.colcon_core.package_identification:_identify(src) by extension 'ignore'
[0.454s] Level 1:colcon.colcon_core.package_identification:_identify(src) by extension 'ignore_ament_install'
[0.454s] Level 1:colcon.colcon_core.package_identification:_identify(src) by extensions ['colcon_pkg']
[0.454s] Level 1:colcon.colcon_core.package_identification:_identify(src) by extension 'colcon_pkg'
[0.454s] Level 1:colcon.colcon_core.package_identification:_identify(src) by extensions ['colcon_meta']
[0.454s] Level 1:colcon.colcon_core.package_identification:_identify(src) by extension 'colcon_meta'
[0.454s] Level 1:colcon.colcon_core.package_identification:_identify(src) by extensions ['ros']
[0.454s] Level 1:colcon.colcon_core.package_identification:_identify(src) by extension 'ros'
[0.454s] Level 1:colcon.colcon_core.package_identification:_identify(src) by extensions ['cmake', 'python']
[0.454s] Level 1:colcon.colcon_core.package_identification:_identify(src) by extension 'cmake'
[0.454s] Level 1:colcon.colcon_core.package_identification:_identify(src) by extension 'python'
[0.454s] Level 1:colcon.colcon_core.package_identification:_identify(src) by extensions ['python_setup_py']
[0.454s] Level 1:colcon.colcon_core.package_identification:_identify(src) by extension 'python_setup_py'
[0.454s] Level 1:colcon.colcon_core.package_identification:_identify(src/trajectory_planning) by extensions ['ignore', 'ignore_ament_install']
[0.454s] Level 1:colcon.colcon_core.package_identification:_identify(src/trajectory_planning) by extension 'ignore'
[0.454s] Level 1:colcon.colcon_core.package_identification:_identify(src/trajectory_planning) by extension 'ignore_ament_install'
[0.454s] Level 1:colcon.colcon_core.package_identification:_identify(src/trajectory_planning) by extensions ['colcon_pkg']
[0.454s] Level 1:colcon.colcon_core.package_identification:_identify(src/trajectory_planning) by extension 'colcon_pkg'
[0.454s] Level 1:colcon.colcon_core.package_identification:_identify(src/trajectory_planning) by extensions ['colcon_meta']
[0.454s] Level 1:colcon.colcon_core.package_identification:_identify(src/trajectory_planning) by extension 'colcon_meta'
[0.454s] Level 1:colcon.colcon_core.package_identification:_identify(src/trajectory_planning) by extensions ['ros']
[0.454s] Level 1:colcon.colcon_core.package_identification:_identify(src/trajectory_planning) by extension 'ros'
[0.457s] DEBUG:colcon.colcon_core.package_identification:Package 'src/trajectory_planning' with type 'ros.ament_cmake' and name 'trajectory_planning'
[0.457s] Level 1:colcon.colcon_core.package_discovery:discover_packages(recursive) using defaults
[0.457s] Level 1:colcon.colcon_core.package_discovery:discover_packages(ignore) discover
[0.457s] Level 1:colcon.colcon_core.package_discovery:discover_packages(ignore) using defaults
[0.457s] Level 1:colcon.colcon_core.package_discovery:discover_packages(path) discover
[0.457s] Level 1:colcon.colcon_core.package_discovery:discover_packages(path) using defaults
[0.472s] Level 1:colcon.colcon_core.package_discovery:discover_packages(prefix_path) check parameters
[0.472s] Level 1:colcon.colcon_core.package_discovery:discover_packages(prefix_path) discover
[0.474s] DEBUG:colcon.colcon_installed_package_information.package_discovery:Found 1 installed packages in /home/someityhuihui/ros2_welding_ws/install
[0.477s] DEBUG:colcon.colcon_installed_package_information.package_discovery:Found 71 installed packages in /home/someityhuihui/ws_moveit/install
[0.479s] DEBUG:colcon.colcon_installed_package_information.package_discovery:Found 365 installed packages in /opt/ros/jazzy
[0.480s] Level 1:colcon.colcon_core.package_discovery:discover_packages(prefix_path) using defaults
[0.531s] Level 5:colcon.colcon_core.verb:set package 'trajectory_planning' build argument 'cmake_args' from command line to 'None'
[0.531s] Level 5:colcon.colcon_core.verb:set package 'trajectory_planning' build argument 'cmake_target' from command line to 'None'
[0.531s] Level 5:colcon.colcon_core.verb:set package 'trajectory_planning' build argument 'cmake_target_skip_unavailable' from command line to 'False'
[0.531s] Level 5:colcon.colcon_core.verb:set package 'trajectory_planning' build argument 'cmake_clean_cache' from command line to 'False'
[0.531s] Level 5:colcon.colcon_core.verb:set package 'trajectory_planning' build argument 'cmake_clean_first' from command line to 'False'
[0.531s] Level 5:colcon.colcon_core.verb:set package 'trajectory_planning' build argument 'cmake_force_configure' from command line to 'False'
[0.531s] Level 5:colcon.colcon_core.verb:set package 'trajectory_planning' build argument 'ament_cmake_args' from command line to 'None'
[0.531s] Level 5:colcon.colcon_core.verb:set package 'trajectory_planning' build argument 'catkin_cmake_args' from command line to 'None'
[0.531s] Level 5:colcon.colcon_core.verb:set package 'trajectory_planning' build argument 'catkin_skip_building_tests' from command line to 'False'
[0.531s] DEBUG:colcon.colcon_core.verb:Building package 'trajectory_planning' with the following arguments: {'ament_cmake_args': None, 'build_base': '/home/someityhuihui/ros2_welding_ws/build/trajectory_planning', 'catkin_cmake_args': None, 'catkin_skip_building_tests': False, 'cmake_args': None, 'cmake_clean_cache': False, 'cmake_clean_first': False, 'cmake_force_configure': False, 'cmake_target': None, 'cmake_target_skip_unavailable': False, 'install_base': '/home/someityhuihui/ros2_welding_ws/install/trajectory_planning', 'merge_install': False, 'path': '/home/someityhuihui/ros2_welding_ws/src/trajectory_planning', 'symlink_install': False, 'test_result_base': None}
[0.531s] INFO:colcon.colcon_core.executor:Executing jobs using 'parallel' executor
[0.532s] DEBUG:colcon.colcon_parallel_executor.executor.parallel:run_until_complete
[0.532s] INFO:colcon.colcon_ros.task.ament_cmake.build:Building ROS package in '/home/someityhuihui/ros2_welding_ws/src/trajectory_planning' with build type 'ament_cmake'
[0.532s] INFO:colcon.colcon_cmake.task.cmake.build:Building CMake package in '/home/someityhuihui/ros2_welding_ws/src/trajectory_planning'
[0.534s] INFO:colcon.colcon_core.plugin_system:Skipping extension 'colcon_core.shell.bat': Not used on non-Windows systems
[0.534s] INFO:colcon.colcon_core.shell:Skip shell extension 'powershell' for command environment: Not usable outside of PowerShell
[0.534s] DEBUG:colcon.colcon_core.shell:Skip shell extension 'dsv' for command environment
[0.548s] DEBUG:colcon.colcon_core.event_handler.log_command:Invoking command in '/home/someityhuihui/ros2_welding_ws/build/trajectory_planning': CMAKE_PREFIX_PATH=${CMAKE_PREFIX_PATH}:/home/someityhuihui/ws_moveit/install/moveit_configs_utils:/opt/ros/jazzy /usr/bin/cmake --build /home/someityhuihui/ros2_welding_ws/build/trajectory_planning -- -j4 -l4
[54.885s] DEBUG:colcon.colcon_core.event_handler.log_command:Invoked command in '/home/someityhuihui/ros2_welding_ws/build/trajectory_planning' returned '0': CMAKE_PREFIX_PATH=${CMAKE_PREFIX_PATH}:/home/someityhuihui/ws_moveit/install/moveit_configs_utils:/opt/ros/jazzy /usr/bin/cmake --build /home/someityhuihui/ros2_welding_ws/build/trajectory_planning -- -j4 -l4
[54.897s] DEBUG:colcon.colcon_core.event_handler.log_command:Invoking command in '/home/someityhuihui/ros2_welding_ws/build/trajectory_planning': CMAKE_PREFIX_PATH=${CMAKE_PREFIX_PATH}:/home/someityhuihui/ws_moveit/install/moveit_configs_utils:/opt/ros/jazzy /usr/bin/cmake --install /home/someityhuihui/ros2_welding_ws/build/trajectory_planning
[54.933s] Level 1:colcon.colcon_core.environment:create_environment_scripts_only(trajectory_planning)
[54.934s] DEBUG:colcon.colcon_core.event_handler.log_command:Invoked command in '/home/someityhuihui/ros2_welding_ws/build/trajectory_planning' returned '0': CMAKE_PREFIX_PATH=${CMAKE_PREFIX_PATH}:/home/someityhuihui/ws_moveit/install/moveit_configs_utils:/opt/ros/jazzy /usr/bin/cmake --install /home/someityhuihui/ros2_welding_ws/build/trajectory_planning
[54.936s] Level 1:colcon.colcon_core.environment:checking '/home/someityhuihui/ros2_welding_ws/install/trajectory_planning' for CMake module files
[54.937s] Level 1:colcon.colcon_core.environment:checking '/home/someityhuihui/ros2_welding_ws/install/trajectory_planning' for CMake config files
[54.937s] Level 1:colcon.colcon_core.shell:create_environment_hook('trajectory_planning', 'cmake_prefix_path')
[54.937s] INFO:colcon.colcon_core.shell:Creating environment hook '/home/someityhuihui/ros2_welding_ws/install/trajectory_planning/share/trajectory_planning/hook/cmake_prefix_path.ps1'
[54.938s] INFO:colcon.colcon_core.shell:Creating environment descriptor '/home/someityhuihui/ros2_welding_ws/install/trajectory_planning/share/trajectory_planning/hook/cmake_prefix_path.dsv'
[54.938s] INFO:colcon.colcon_core.shell:Creating environment hook '/home/someityhuihui/ros2_welding_ws/install/trajectory_planning/share/trajectory_planning/hook/cmake_prefix_path.sh'
[54.939s] Level 1:colcon.colcon_core.environment:checking '/home/someityhuihui/ros2_welding_ws/install/trajectory_planning/lib'
[54.939s] Level 1:colcon.colcon_core.environment:checking '/home/someityhuihui/ros2_welding_ws/install/trajectory_planning/bin'
[54.939s] Level 1:colcon.colcon_core.environment:checking '/home/someityhuihui/ros2_welding_ws/install/trajectory_planning/lib/pkgconfig/trajectory_planning.pc'
[54.940s] Level 1:colcon.colcon_core.environment:checking '/home/someityhuihui/ros2_welding_ws/install/trajectory_planning/lib/python3.12/site-packages'
[54.940s] Level 1:colcon.colcon_core.environment:checking '/home/someityhuihui/ros2_welding_ws/install/trajectory_planning/bin'
[54.940s] INFO:colcon.colcon_core.shell:Creating package script '/home/someityhuihui/ros2_welding_ws/install/trajectory_planning/share/trajectory_planning/package.ps1'
[54.941s] INFO:colcon.colcon_core.shell:Creating package descriptor '/home/someityhuihui/ros2_welding_ws/install/trajectory_planning/share/trajectory_planning/package.dsv'
[54.941s] INFO:colcon.colcon_core.shell:Creating package script '/home/someityhuihui/ros2_welding_ws/install/trajectory_planning/share/trajectory_planning/package.sh'
[54.942s] INFO:colcon.colcon_core.shell:Creating package script '/home/someityhuihui/ros2_welding_ws/install/trajectory_planning/share/trajectory_planning/package.bash'
[54.942s] INFO:colcon.colcon_core.shell:Creating package script '/home/someityhuihui/ros2_welding_ws/install/trajectory_planning/share/trajectory_planning/package.zsh'
[54.943s] Level 1:colcon.colcon_core.environment:create_file_with_runtime_dependencies(/home/someityhuihui/ros2_welding_ws/install/trajectory_planning/share/colcon-core/packages/trajectory_planning)
[54.943s] Level 1:colcon.colcon_core.environment:create_environment_scripts_only(trajectory_planning)
[54.943s] Level 1:colcon.colcon_core.environment:checking '/home/someityhuihui/ros2_welding_ws/install/trajectory_planning' for CMake module files
[54.944s] Level 1:colcon.colcon_core.environment:checking '/home/someityhuihui/ros2_welding_ws/install/trajectory_planning' for CMake config files
[54.944s] Level 1:colcon.colcon_core.shell:create_environment_hook('trajectory_planning', 'cmake_prefix_path')
[54.944s] INFO:colcon.colcon_core.shell:Creating environment hook '/home/someityhuihui/ros2_welding_ws/install/trajectory_planning/share/trajectory_planning/hook/cmake_prefix_path.ps1'
[54.944s] INFO:colcon.colcon_core.shell:Creating environment descriptor '/home/someityhuihui/ros2_welding_ws/install/trajectory_planning/share/trajectory_planning/hook/cmake_prefix_path.dsv'
[54.945s] INFO:colcon.colcon_core.shell:Creating environment hook '/home/someityhuihui/ros2_welding_ws/install/trajectory_planning/share/trajectory_planning/hook/cmake_prefix_path.sh'
[54.945s] Level 1:colcon.colcon_core.environment:checking '/home/someityhuihui/ros2_welding_ws/install/trajectory_planning/lib'
[54.946s] Level 1:colcon.colcon_core.environment:checking '/home/someityhuihui/ros2_welding_ws/install/trajectory_planning/bin'
[54.946s] Level 1:colcon.colcon_core.environment:checking '/home/someityhuihui/ros2_welding_ws/install/trajectory_planning/lib/pkgconfig/trajectory_planning.pc'
[54.946s] Level 1:colcon.colcon_core.environment:checking '/home/someityhuihui/ros2_welding_ws/install/trajectory_planning/lib/python3.12/site-packages'
[54.946s] Level 1:colcon.colcon_core.environment:checking '/home/someityhuihui/ros2_welding_ws/install/trajectory_planning/bin'
[54.946s] INFO:colcon.colcon_core.shell:Creating package script '/home/someityhuihui/ros2_welding_ws/install/trajectory_planning/share/trajectory_planning/package.ps1'
[54.947s] INFO:colcon.colcon_core.shell:Creating package descriptor '/home/someityhuihui/ros2_welding_ws/install/trajectory_planning/share/trajectory_planning/package.dsv'
[54.947s] INFO:colcon.colcon_core.shell:Creating package script '/home/someityhuihui/ros2_welding_ws/install/trajectory_planning/share/trajectory_planning/package.sh'
[54.948s] INFO:colcon.colcon_core.shell:Creating package script '/home/someityhuihui/ros2_welding_ws/install/trajectory_planning/share/trajectory_planning/package.bash'
[54.948s] INFO:colcon.colcon_core.shell:Creating package script '/home/someityhuihui/ros2_welding_ws/install/trajectory_planning/share/trajectory_planning/package.zsh'
[54.949s] Level 1:colcon.colcon_core.environment:create_file_with_runtime_dependencies(/home/someityhuihui/ros2_welding_ws/install/trajectory_planning/share/colcon-core/packages/trajectory_planning)
[54.949s] DEBUG:colcon.colcon_parallel_executor.executor.parallel:closing loop
[54.949s] DEBUG:colcon.colcon_parallel_executor.executor.parallel:loop closed
[54.950s] DEBUG:colcon.colcon_parallel_executor.executor.parallel:run_until_complete finished with '0'
[54.950s] DEBUG:colcon.colcon_core.event_reactor:joining thread
[55.098s] INFO:colcon.colcon_core.plugin_system:Skipping extension 'colcon_notification.desktop_notification.notify_send': Could not find 'notify-send'
[55.098s] INFO:colcon.colcon_core.plugin_system:Skipping extension 'colcon_notification.desktop_notification.terminal_notifier': Not used on non-Darwin systems
[55.098s] INFO:colcon.colcon_core.plugin_system:Skipping extension 'colcon_notification.desktop_notification.win32': Not used on non-Windows systems
[55.098s] INFO:colcon.colcon_notification.desktop_notification:Sending desktop notification using 'notify2'
[55.099s] DEBUG:colcon.colcon_notification.desktop_notification.notify2:Failed to initialize notify2: org.freedesktop.DBus.Error.ServiceUnknown: The name org.freedesktop.Notifications was not provided by any .service files
[55.100s] DEBUG:colcon.colcon_core.event_reactor:joined thread
[55.100s] INFO:colcon.colcon_core.shell:Creating prefix script '/home/someityhuihui/ros2_welding_ws/install/local_setup.ps1'
[55.101s] INFO:colcon.colcon_core.shell:Creating prefix util module '/home/someityhuihui/ros2_welding_ws/install/_local_setup_util_ps1.py'
[55.101s] INFO:colcon.colcon_core.shell:Creating prefix chain script '/home/someityhuihui/ros2_welding_ws/install/setup.ps1'
[55.104s] INFO:colcon.colcon_core.shell:Creating prefix script '/home/someityhuihui/ros2_welding_ws/install/local_setup.sh'
[55.104s] INFO:colcon.colcon_core.shell:Creating prefix util module '/home/someityhuihui/ros2_welding_ws/install/_local_setup_util_sh.py'
[55.104s] INFO:colcon.colcon_core.shell:Creating prefix chain script '/home/someityhuihui/ros2_welding_ws/install/setup.sh'
[55.106s] INFO:colcon.colcon_core.shell:Creating prefix script '/home/someityhuihui/ros2_welding_ws/install/local_setup.bash'
[55.107s] INFO:colcon.colcon_core.shell:Creating prefix chain script '/home/someityhuihui/ros2_welding_ws/install/setup.bash'
[55.109s] INFO:colcon.colcon_core.shell:Creating prefix script '/home/someityhuihui/ros2_welding_ws/install/local_setup.zsh'
[55.109s] INFO:colcon.colcon_core.shell:Creating prefix chain script '/home/someityhuihui/ros2_welding_ws/install/setup.zsh'
